<?xml version="1.0" encoding="UTF-8"?>
<robot generator="Robot 3.1.2 (Python 3.8.2 on win32)" generated="20200310 20:22:58.766" rpa="false">
<suite id="s1" name="Smoke" source="C:\Users\Hammers\Documents\QALC AUTOMATION\RobotDemo\tests\smoke">
<suite id="s1-s1" name="Demo" source="C:\Users\Hammers\Documents\QALC AUTOMATION\RobotDemo\tests\smoke\demo.txt">
<kw name="Open homepage" library="homepage" type="setup">
<doc>Opens specified browser and loads home page</doc>
<kw name="Open Browser" library="SeleniumLibrary">
<doc>Opens a new browser instance to the optional ``url``.</doc>
<arguments>
<arg>${HOMEPAGE_URL}</arg>
<arg>${BROWSER}</arg>
</arguments>
<msg timestamp="20200310 20:22:59.540" level="INFO">Opening browser 'gc' to base url 'https://qalearningcenter.com/'.</msg>
<status status="PASS" starttime="20200310 20:22:59.540" endtime="20200310 20:23:09.270"></status>
</kw>
<kw name="Maximize Browser Window" library="SeleniumLibrary">
<doc>Maximizes current browser window.</doc>
<status status="PASS" starttime="20200310 20:23:09.271" endtime="20200310 20:23:13.518"></status>
</kw>
<kw name="Get Window Size" library="SeleniumLibrary">
<doc>Returns current window width and height as integers.</doc>
<assign>
<var>@{window_size}</var>
</assign>
<msg timestamp="20200310 20:23:13.530" level="INFO">@{window_size} = [ 1296 | 776 ]</msg>
<status status="PASS" starttime="20200310 20:23:13.518" endtime="20200310 20:23:13.530"></status>
</kw>
<kw name="Log Many" library="BuiltIn">
<doc>Logs the given messages as separate entries using the INFO level.</doc>
<arguments>
<arg>@{window_size}</arg>
</arguments>
<msg timestamp="20200310 20:23:13.530" level="INFO">1296</msg>
<msg timestamp="20200310 20:23:13.531" level="INFO">776</msg>
<status status="PASS" starttime="20200310 20:23:13.530" endtime="20200310 20:23:13.531"></status>
</kw>
<status status="PASS" starttime="20200310 20:22:59.539" endtime="20200310 20:23:13.531"></status>
</kw>
<test id="s1-s1-t1" name="Demo test case">
<kw name="Given I am on Homepage" library="homepage">
<doc>Check Site Logo Image</doc>
<kw name="Element Should Be Visible" library="SeleniumLibrary">
<doc>Verifies that the element identified by ``locator`` is visible.</doc>
<arguments>
<arg>${SITE_LOGO}</arg>
</arguments>
<msg timestamp="20200310 20:23:13.646" level="INFO">Element '(//div[@data-aid="HEADER_LOGO_RENDERED"])[1]' is displayed.</msg>
<status status="PASS" starttime="20200310 20:23:13.533" endtime="20200310 20:23:13.646"></status>
</kw>
<kw name="Capture Page Screenshot" library="SeleniumLibrary">
<doc>Takes a screenshot of the current page and embeds it into a log file.</doc>
<msg timestamp="20200310 20:23:14.706" level="INFO" html="yes">&lt;/td&gt;&lt;/tr&gt;&lt;tr&gt;&lt;td colspan="3"&gt;&lt;a href="selenium-screenshot-1.png"&gt;&lt;img src="selenium-screenshot-1.png" width="800px"&gt;&lt;/a&gt;</msg>
<status status="PASS" starttime="20200310 20:23:13.647" endtime="20200310 20:23:14.706"></status>
</kw>
<status status="PASS" starttime="20200310 20:23:13.533" endtime="20200310 20:23:14.707"></status>
</kw>
<kw name="When I go to Contact Us page" library="homepage">
<doc>clicking give button</doc>
<kw name="Wait Until Element Is Visible" library="SeleniumLibrary">
<doc>Waits until the element ``locator`` is visible.</doc>
<arguments>
<arg>${CONTACT_US}</arg>
</arguments>
<status status="PASS" starttime="20200310 20:23:14.712" endtime="20200310 20:23:14.791"></status>
</kw>
<kw name="Click Element" library="SeleniumLibrary">
<doc>Click the element identified by ``locator``.</doc>
<arguments>
<arg>${CONTACT_US}</arg>
</arguments>
<msg timestamp="20200310 20:23:14.792" level="INFO">Clicking element '//div[@id="bs-3"]//a[@href="/contact-us"]'.</msg>
<status status="PASS" starttime="20200310 20:23:14.791" endtime="20200310 20:23:16.734"></status>
</kw>
<status status="PASS" starttime="20200310 20:23:14.711" endtime="20200310 20:23:16.735"></status>
</kw>
<kw name="Then Contact Us Form Displays" library="homepage">
<doc>verifies form displays</doc>
<kw name="Wait Until Element Is Visible" library="SeleniumLibrary">
<doc>Waits until the element ``locator`` is visible.</doc>
<arguments>
<arg>${CONTACT_US}</arg>
</arguments>
<status status="PASS" starttime="20200310 20:23:16.763" endtime="20200310 20:23:17.230"></status>
</kw>
<status status="PASS" starttime="20200310 20:23:16.763" endtime="20200310 20:23:17.230"></status>
</kw>
<kw name="Close All Browsers" library="SeleniumLibrary" type="teardown">
<doc>Closes all open browsers and resets the browser cache.</doc>
<status status="PASS" starttime="20200310 20:23:17.231" endtime="20200310 20:23:20.770"></status>
</kw>
<doc>user can sign up to donate</doc>
<tags>
<tag>Smoke</tag>
</tags>
<status status="PASS" starttime="20200310 20:23:13.531" endtime="20200310 20:23:20.771" critical="yes"></status>
</test>
<doc>This is a test</doc>
<status status="PASS" starttime="20200310 20:22:58.844" endtime="20200310 20:23:20.774"></status>
</suite>
<status status="PASS" starttime="20200310 20:22:58.770" endtime="20200310 20:23:20.783"></status>
</suite>
<statistics>
<total>
<stat pass="1" fail="0">Critical Tests</stat>
<stat pass="1" fail="0">All Tests</stat>
</total>
<tag>
<stat pass="1" fail="0">Smoke</stat>
</tag>
<suite>
<stat pass="1" fail="0" id="s1" name="Smoke">Smoke</stat>
<stat pass="1" fail="0" id="s1-s1" name="Demo">Smoke.Demo</stat>
</suite>
</statistics>
<errors>
<msg timestamp="20200310 20:22:58.751" level="WARN">Automatically parsing other than '*.robot' files is deprecated. Convert 'C:\Users\Hammers\Documents\QALC AUTOMATION\RobotDemo\tests\smoke\demo.txt' to '*.robot' format or use '--extension' to explicitly configure which files to parse.</msg>
</errors>
</robot>
